#
# There is insufficient memory for the Java Runtime Environment to continue.
# Native memory allocation (mmap) failed to map 201326592 bytes for G1 virtual space
# Possible reasons:
#   The system is out of physical RAM or swap space
#   The process is running with CompressedOops enabled, and the Java Heap may be blocking the growth of the native heap
# Possible solutions:
#   Reduce memory load on the system
#   Increase physical memory or swap space
#   Check if swap backing store is full
#   Decrease Java heap size (-Xmx/-Xms)
#   Decrease number of Java threads
#   Decrease Java thread stack sizes (-Xss)
#   Set larger code cache with -XX:ReservedCodeCacheSize=
#   JVM is running with Zero Based Compressed Oops mode in which the Java heap is
#     placed in the first 32GB address space. The Java Heap base address is the
#     maximum limit for the native heap growth. Please use -XX:HeapBaseMinAddress
#     to set the Java Heap base and to place the Java Heap above 32GB virtual address.
# This output file may be truncated or incomplete.
#
#  Out of Memory Error (os_windows.cpp:3469), pid=3996, tid=12472
#
# JRE version:  (17.0+35) (build )
# Java VM: OpenJDK 64-Bit Server VM (17+35, mixed mode, sharing, tiered, compressed oops, compressed class ptrs, g1 gc, windows-amd64)
# No core dump will be written. Minidumps are not enabled by default on client versions of Windows
#

---------------  S U M M A R Y ------------

Command Line: -Dfile.encoding=Cp1252 --module-path=C:\Users\ramzy\OneDrive\Bureau\revervation_film\reservation_film\bin -XX:+ShowCodeDetailsInExceptionMessages -Djdk.module.main=reservation_film reservation_film/com.reservation.Main

Host: Intel(R) Core(TM) i5-8250U CPU @ 1.60GHz, 8 cores, 11G,  Windows 10 , 64 bit Build 19041 (10.0.19041.1348)
Time: Thu Nov 25 15:09:55 2021 Est elapsed time: 0.010748 seconds (0d 0h 0m 0s)

---------------  T H R E A D  ---------------

Current thread (0x0000023602e5f210):  JavaThread "Unknown thread" [_thread_in_vm, id=12472, stack(0x000000c302a00000,0x000000c302b00000)]

Stack: [0x000000c302a00000,0x000000c302b00000]
Native frames: (J=compiled Java code, j=interpreted, Vv=VM code, C=native code)
V  [jvm.dll+0x674afa]
V  [jvm.dll+0x82eb44]
V  [jvm.dll+0x8302ee]
V  [jvm.dll+0x830953]
V  [jvm.dll+0x245335]
V  [jvm.dll+0x671ae9]
V  [jvm.dll+0x6665b2]
V  [jvm.dll+0x303e3b]
V  [jvm.dll+0x30b376]
V  [jvm.dll+0x35b30e]
V  [jvm.dll+0x35b53f]
V  [jvm.dll+0x2dad78]
V  [jvm.dll+0x2dbce4]
V  [jvm.dll+0x8006a1]
V  [jvm.dll+0x369081]
V  [jvm.dll+0x7dfb6c]
V  [jvm.dll+0x3eb9bf]
V  [jvm.dll+0x3ed6f1]
C  [jli.dll+0x5277]
C  [ucrtbase.dll+0x21bb2]
C  [KERNEL32.DLL+0x17034]
C  [ntdll.dll+0x52651]


---------------  P R O C E S S  ---------------

Threads class SMR info:
_java_thread_list=0x00007ffe7ca54e58, length=0, elements={
}

Java Threads: ( => current thread )

Other Threads:
  0x0000023602ea2540 GCTaskThread "GC Thread#0" [stack: 0x000000c302b00000,0x000000c302c00000] [id=14248]
  0x0000023602eb0320 ConcurrentGCThread "G1 Main Marker" [stack: 0x000000c302c00000,0x000000c302d00000] [id=15308]
  0x0000023602eb24e0 ConcurrentGCThread "G1 Conc#0" [stack: 0x000000c302d00000,0x000000c302e00000] [id=4172]

[error occurred during error reporting (printing all threads), id 0xc0000005, EXCEPTION_ACCESS_VIOLATION (0xc0000005) at pc=0x00007ffe7c22b7f7]

VM state: not at safepoint (not fully initialized)

VM Mutex/Monitor currently owned by a thread:  ([mutex/lock_event])
[0x0000023602e58fd0] Heap_lock - owner thread: 0x0000023602e5f210

Heap address: 0x0000000741600000, size: 3050 MB, Compressed Oops mode: Zero based, Oop shift amount: 3

CDS archive(s) mapped at: [0x0000000000000000-0x0000000000000000-0x0000000000000000), size 0, SharedBaseAddress: 0x0000000800000000, ArchiveRelocationMode: 0.
Narrow klass base: 0x0000000000000000, Narrow klass shift: 0, Narrow klass range: 0x0

GC Precious Log:
<Empty>

Heap:
 garbage-first heap   total 0K, used 0K [0x0000000741600000, 0x0000000800000000)
  region size 2048K, 0 young (0K), 0 survivors (0K)

[error occurred during error reporting (printing heap information), id 0xc0000005, EXCEPTION_ACCESS_VIOLATION (0xc0000005) at pc=0x00007ffe7c60dfc9]

GC Heap History (0 events):
No events

Deoptimization events (0 events):
No events

Classes unloaded (0 events):
No events

Classes redefined (0 events):
No events

Internal exceptions (0 events):
No events

VM Operations (0 events):
No events

Events (1 events):
Event: 0.006 Loaded shared library C:\Users\ramzy\.p2\pool\plugins\org.eclipse.justj.openjdk.hotspot.jre.full.win32.x86_64_17.0.0.v20211012-1059\jre\bin\java.dll


Dynamic libraries:
0x00007ff66cbc0000 - 0x00007ff66cbce000 	C:\Users\ramzy\.p2\pool\plugins\org.eclipse.justj.openjdk.hotspot.jre.full.win32.x86_64_17.0.0.v20211012-1059\jre\bin\javaw.exe
0x00007ffec9d70000 - 0x00007ffec9f65000 	C:\WINDOWS\SYSTEM32\ntdll.dll
0x00007ffec8d70000 - 0x00007ffec8e2e000 	C:\WINDOWS\System32\KERNEL32.DLL
0x00007ffec7730000 - 0x00007ffec79f8000 	C:\WINDOWS\System32\KERNELBASE.dll
0x00007ffec7520000 - 0x00007ffec7620000 	C:\WINDOWS\System32\ucrtbase.dll
0x00007ffec1f20000 - 0x00007ffec1f38000 	C:\Users\ramzy\.p2\pool\plugins\org.eclipse.justj.openjdk.hotspot.jre.full.win32.x86_64_17.0.0.v20211012-1059\jre\bin\jli.dll
0x00007ffea9750000 - 0x00007ffea9769000 	C:\Users\ramzy\.p2\pool\plugins\org.eclipse.justj.openjdk.hotspot.jre.full.win32.x86_64_17.0.0.v20211012-1059\jre\bin\VCRUNTIME140.dll
0x00007ffec8750000 - 0x00007ffec88f1000 	C:\WINDOWS\System32\USER32.dll
0x00007ffec7c30000 - 0x00007ffec7c52000 	C:\WINDOWS\System32\win32u.dll
0x00007ffe9c400000 - 0x00007ffe9c69a000 	C:\WINDOWS\WinSxS\amd64_microsoft.windows.common-controls_6595b64144ccf1df_6.0.19041.1110_none_60b5254171f9507e\COMCTL32.dll
0x00007ffec90b0000 - 0x00007ffec90db000 	C:\WINDOWS\System32\GDI32.dll
0x00007ffec7b20000 - 0x00007ffec7c2b000 	C:\WINDOWS\System32\gdi32full.dll
0x00007ffec9820000 - 0x00007ffec98be000 	C:\WINDOWS\System32\msvcrt.dll
0x00007ffec7a80000 - 0x00007ffec7b1d000 	C:\WINDOWS\System32\msvcp_win.dll
0x00007ffec98c0000 - 0x00007ffec98f0000 	C:\WINDOWS\System32\IMM32.DLL
0x00007ffec1760000 - 0x00007ffec176c000 	C:\Users\ramzy\.p2\pool\plugins\org.eclipse.justj.openjdk.hotspot.jre.full.win32.x86_64_17.0.0.v20211012-1059\jre\bin\vcruntime140_1.dll
0x00007ffe83990000 - 0x00007ffe83a21000 	C:\Users\ramzy\.p2\pool\plugins\org.eclipse.justj.openjdk.hotspot.jre.full.win32.x86_64_17.0.0.v20211012-1059\jre\bin\msvcp140.dll
0x00007ffe7bf40000 - 0x00007ffe7cb86000 	C:\Users\ramzy\.p2\pool\plugins\org.eclipse.justj.openjdk.hotspot.jre.full.win32.x86_64_17.0.0.v20211012-1059\jre\bin\server\jvm.dll
0x00007ffec8cc0000 - 0x00007ffec8d6c000 	C:\WINDOWS\System32\ADVAPI32.dll
0x00007ffec7de0000 - 0x00007ffec7e7b000 	C:\WINDOWS\System32\sechost.dll
0x00007ffec8120000 - 0x00007ffec824a000 	C:\WINDOWS\System32\RPCRT4.dll
0x00007ffec9c50000 - 0x00007ffec9c58000 	C:\WINDOWS\System32\PSAPI.DLL
0x00007ffe71e70000 - 0x00007ffe71e79000 	C:\WINDOWS\SYSTEM32\WSOCK32.dll
0x00007ffeb8ae0000 - 0x00007ffeb8b07000 	C:\WINDOWS\SYSTEM32\WINMM.dll
0x00007ffec9cc0000 - 0x00007ffec9d2b000 	C:\WINDOWS\System32\WS2_32.dll
0x00007ffec1b90000 - 0x00007ffec1b9a000 	C:\WINDOWS\SYSTEM32\VERSION.dll
0x00007ffec5d60000 - 0x00007ffec5d72000 	C:\WINDOWS\SYSTEM32\kernel.appcore.dll
0x00007ffec2990000 - 0x00007ffec299a000 	C:\Users\ramzy\.p2\pool\plugins\org.eclipse.justj.openjdk.hotspot.jre.full.win32.x86_64_17.0.0.v20211012-1059\jre\bin\jimage.dll
0x00007ffec5af0000 - 0x00007ffec5cd4000 	C:\WINDOWS\SYSTEM32\DBGHELP.DLL
0x00007ffebf9a0000 - 0x00007ffebf9cc000 	C:\WINDOWS\SYSTEM32\dbgcore.DLL
0x00007ffec7490000 - 0x00007ffec7513000 	C:\WINDOWS\System32\bcryptPrimitives.dll
0x00007ffebb4c0000 - 0x00007ffebb4e5000 	C:\Users\ramzy\.p2\pool\plugins\org.eclipse.justj.openjdk.hotspot.jre.full.win32.x86_64_17.0.0.v20211012-1059\jre\bin\java.dll

dbghelp: loaded successfully - version: 4.0.5 - missing functions: none
symbol engine: initialized successfully - sym options: 0x614 - pdb path: .;C:\Users\ramzy\.p2\pool\plugins\org.eclipse.justj.openjdk.hotspot.jre.full.win32.x86_64_17.0.0.v20211012-1059\jre\bin;C:\WINDOWS\SYSTEM32;C:\WINDOWS\WinSxS\amd64_microsoft.windows.common-controls_6595b64144ccf1df_6.0.19041.1110_none_60b5254171f9507e;C:\Users\ramzy\.p2\pool\plugins\org.eclipse.justj.openjdk.hotspot.jre.full.win32.x86_64_17.0.0.v20211012-1059\jre\bin\server

VM Arguments:
jvm_args: -Dfile.encoding=Cp1252 --module-path=C:\Users\ramzy\OneDrive\Bureau\revervation_film\reservation_film\bin -XX:+ShowCodeDetailsInExceptionMessages -Djdk.module.main=reservation_film 
java_command: reservation_film/com.reservation.Main
java_class_path (initial): <not set>
Launcher Type: SUN_STANDARD

[Global flags]
     intx CICompilerCount                          = 4                                         {product} {ergonomic}
     uint ConcGCThreads                            = 2                                         {product} {ergonomic}
     uint G1ConcRefinementThreads                  = 8                                         {product} {ergonomic}
   size_t G1HeapRegionSize                         = 2097152                                   {product} {ergonomic}
    uintx GCDrainStackTargetSize                   = 64                                        {product} {ergonomic}
   size_t InitialHeapSize                          = 201326592                                 {product} {ergonomic}
   size_t MarkStackSize                            = 4194304                                   {product} {ergonomic}
   size_t MaxHeapSize                              = 3198156800                                {product} {ergonomic}
   size_t MinHeapDeltaBytes                        = 2097152                                   {product} {ergonomic}
   size_t MinHeapSize                              = 8388608                                   {product} {ergonomic}
    uintx NonNMethodCodeHeapSize                   = 5839372                                {pd product} {ergonomic}
    uintx NonProfiledCodeHeapSize                  = 122909434                              {pd product} {ergonomic}
    uintx ProfiledCodeHeapSize                     = 122909434                              {pd product} {ergonomic}
    uintx ReservedCodeCacheSize                    = 251658240                              {pd product} {ergonomic}
     bool SegmentedCodeCache                       = true                                      {product} {ergonomic}
     bool ShowCodeDetailsInExceptionMessages       = true                                   {manageable} {command line}
   size_t SoftMaxHeapSize                          = 3198156800                             {manageable} {ergonomic}
     bool UseCompressedClassPointers               = true                           {product lp64_product} {ergonomic}
     bool UseCompressedOops                        = true                           {product lp64_product} {ergonomic}
     bool UseG1GC                                  = true                                      {product} {ergonomic}
     bool UseLargePagesIndividualAllocation        = false                                  {pd product} {ergonomic}

Logging:
Log output configuration:
 #0: stdout all=warning uptime,level,tags
 #1: stderr all=off uptime,level,tags

Environment Variables:
PATH=C:/Users/ramzy/.p2/pool/plugins/org.eclipse.justj.openjdk.hotspot.jre.full.win32.x86_64_17.0.0.v20211012-1059/jre/bin/server;C:/Users/ramzy/.p2/pool/plugins/org.eclipse.justj.openjdk.hotspot.jre.full.win32.x86_64_17.0.0.v20211012-1059/jre/bin;C:\Program Files\Common Files\Oracle\Java\javapath;C:\Program Files (x86)\Common Files\Oracle\Java\javapath;C:\Program Files\Microsoft MPI\Bin\;C:\Program Files\Oculus\Support\oculus-runtime;C:\WINDOWS\system32;C:\WINDOWS;C:\WINDOWS\System32\Wbem;C:\WINDOWS\System32\WindowsPowerShell\v1.0\;C:\WINDOWS\System32\OpenSSH\;C:\WINDOWS\system32;C:\WINDOWS;C:\WINDOWS\System32\Wbem;C:\WINDOWS\System32\WindowsPowerShell\v1.0\;C:\WINDOWS\System32\OpenSSH\;C:\Program Files\nodejs\;C:\Program Files\Git\cmd;C:\Program Files (x86)\Microsoft SQL Server\150\DTS\Binn\;C:\Program Files\Azure Data Studio\bin;C:\Program Files (x86)\Microsoft SQL Server\150\Tools\Binn\;C:\Program Files\Microsoft SQL Server\150\Tools\Binn\;C:\Program Files\Microsoft SQL Server\150\DTS\Binn\;C:\Program Files\Microsoft SQL Server\Client SDK\ODBC\170\Tools\Binn\;C:\Program Files\dotnet\;C:\Program Files\Docker\Docker\resources\bin;C:\ProgramData\DockerDesktop\version-bin;C:\Users\ramzy\AppData\Local\Microsoft\WindowsApps;;C:\Users\ramzy\AppData\Local\Programs\Microsoft VS Code\bin;C:\Users\ramzy\AppData\Roaming\npm;C:\Program Files\Azure Data Studio\bin;C:\Users\ramzy\.dotnet\tools;C:\Program Files\heroku\bin;C:\Users\ramzy\OneDrive\Bureau;
USERNAME=ramzy
OS=Windows_NT
PROCESSOR_IDENTIFIER=Intel64 Family 6 Model 142 Stepping 10, GenuineIntel



---------------  S Y S T E M  ---------------

OS:
 Windows 10 , 64 bit Build 19041 (10.0.19041.1348)
OS uptime: 9 days 13:57 hours

CPU: total 8 (initial active 8) (4 cores per cpu, 2 threads per core) family 6 model 142 stepping 10 microcode 0xd6, cx8, cmov, fxsr, ht, mmx, 3dnowpref, sse, sse2, sse3, ssse3, sse4.1, sse4.2, popcnt, lzcnt, tsc, tscinvbit, avx, avx2, aes, erms, clmul, bmi1, bmi2, adx, fma, vzeroupper, clflush, clflushopt

Memory: 4k page, system-wide physical 12197M (1443M free)
TotalPageFile size 40482M (AvailPageFile size 83M)
current process WorkingSet (physical memory assigned to process): 10M, peak: 10M
current process commit charge ("private bytes"): 59M, peak: 251M

vm_info: OpenJDK 64-Bit Server VM (17+35) for windows-amd64 JRE (17+35), built on Sep 14 2021 17:27:39 by "" with MS VC++ 16.7 (VS2019)

END.
